<?xml version="1.0" encoding="UTF-8"?>
<!-- Generated by org.testng.reporters.JUnitXMLReporter -->
<testsuite ignored="0" hostname="ViswaPraveena" failures="1" tests="1" name="Surefire test" time="0.141" errors="0" timestamp="2022-12-10T11:47:29 IST">
  <testcase classname="Demo.TestNGQAFOX.TestOne" name="Classone" time="0.0">
    <failure type="org.testng.TestNGException" message="
Parameter &amp;apos;URL&amp;apos; is required by @Test on method Classone but has not been marked @Optional or defined
">
      <![CDATA[org.testng.TestNGException: 
Parameter 'URL' is required by @Test on method Classone but has not been marked @Optional or defined

at java.base/java.util.ArrayList.forEach(ArrayList.java:1511)
... Removed 31 stack frames]]>
    </failure>
  </testcase> <!-- Classone -->
</testsuite> <!-- Surefire test -->
